<?xml version="1.0" encoding="UTF-8"?>
<testsuite xmlns:xsi="http://www.w3.org/2001/XMLSchema-instance" xsi:noNamespaceSchemaLocation="https://maven.apache.org/surefire/maven-surefire-plugin/xsd/surefire-test-report.xsd" version="3.0.2" name="org.openehealth.ipf.platform.camel.ihe.fhir.chppqm.chppq3.ChPpq3Test" time="53.199" tests="6" errors="1" skipped="1" failures="1">
  <properties>
    <property name="java.specification.version" value="17"/>
    <property name="sun.jnu.encoding" value="UTF-8"/>
    <property name="java.class.path" value="/media/chandra/b664505e-129c-4c0d-a87b-9efb6469eca2/home/chandra/code/ipf/platform-camel/ihe/fhir/r4/chppqm/target/test-classes:/media/chandra/b664505e-129c-4c0d-a87b-9efb6469eca2/home/chandra/code/ipf/platform-camel/ihe/fhir/r4/chppqm/target/classes:/media/chandra/b664505e-129c-4c0d-a87b-9efb6469eca2/home/chandra/code/ipf/commons/ihe/fhir/r4/chppqm/target/ipf-commons-ihe-fhir-r4-chppqm-5.1-SNAPSHOT.jar:/home/chandra/.m2/repository/ca/uhn/hapi/fhir/hapi-fhir-structures-r5/8.0.0/hapi-fhir-structures-r5-8.0.0.jar:/home/chandra/.m2/repository/ca/uhn/hapi/fhir/org.hl7.fhir.utilities/6.4.0/org.hl7.fhir.utilities-6.4.0.jar:/home/chandra/.m2/repository/com/ibm/icu/icu4j/72.1/icu4j-72.1.jar:/home/chandra/.m2/repository/ca/uhn/hapi/fhir/org.hl7.fhir.r5/6.4.0/org.hl7.fhir.r5-6.4.0.jar:/home/chandra/.m2/repository/com/nimbusds/nimbus-jose-jwt/9.37.3/nimbus-jose-jwt-9.37.3.jar:/home/chandra/.m2/repository/com/github/stephenc/jcip/jcip-annotations/1.0-1/jcip-annotations-1.0-1.jar:/home/chandra/.m2/repository/ca/uhn/hapi/fhir/hapi-fhir-caching-api/8.0.0/hapi-fhir-caching-api-8.0.0.jar:/media/chandra/b664505e-129c-4c0d-a87b-9efb6469eca2/home/chandra/code/ipf/commons/ihe/fhir/r4/core/target/ipf-commons-ihe-fhir-r4-core-5.1-SNAPSHOT.jar:/home/chandra/.m2/repository/ca/uhn/hapi/fhir/hapi-fhir-structures-r4/8.0.0/hapi-fhir-structures-r4-8.0.0.jar:/home/chandra/.m2/repository/ca/uhn/hapi/fhir/org.hl7.fhir.r4/6.4.0/org.hl7.fhir.r4-6.4.0.jar:/home/chandra/.m2/repository/org/glassfish/jaxb/jaxb-runtime/4.0.5/jaxb-runtime-4.0.5.jar:/home/chandra/.m2/repository/org/glassfish/jaxb/jaxb-core/4.0.5/jaxb-core-4.0.5.jar:/home/chandra/.m2/repository/org/glassfish/jaxb/txw2/4.0.5/txw2-4.0.5.jar:/home/chandra/.m2/repository/com/sun/istack/istack-commons-runtime/4.1.2/istack-commons-runtime-4.1.2.jar:/home/chandra/.m2/repository/jakarta/xml/bind/jakarta.xml.bind-api/4.0.2/jakarta.xml.bind-api-4.0.2.jar:/home/chandra/.m2/repository/jakarta/activation/jakarta.activation-api/2.1.3/jakarta.activation-api-2.1.3.jar:/home/chandra/.m2/repository/org/apache/camel/camel-servlet/4.10.0/camel-servlet-4.10.0.jar:/home/chandra/.m2/repository/org/apache/camel/camel-support/4.10.0/camel-support-4.10.0.jar:/home/chandra/.m2/repository/org/apache/camel/camel-api/4.10.0/camel-api-4.10.0.jar:/home/chandra/.m2/repository/org/apache/camel/camel-util/4.10.0/camel-util-4.10.0.jar:/home/chandra/.m2/repository/org/apache/camel/camel-xml-jaxp-util/4.10.0/camel-xml-jaxp-util-4.10.0.jar:/home/chandra/.m2/repository/org/apache/camel/camel-http-common/4.10.0/camel-http-common-4.10.0.jar:/home/chandra/.m2/repository/org/apache/camel/camel-attachments/4.10.0/camel-attachments-4.10.0.jar:/media/chandra/b664505e-129c-4c0d-a87b-9efb6469eca2/home/chandra/code/ipf/platform-camel/ihe/fhir/r4/test/target/ipf-platform-camel-ihe-fhir-r4-test-5.1-SNAPSHOT.jar:/media/chandra/b664505e-129c-4c0d-a87b-9efb6469eca2/home/chandra/code/ipf/platform-camel/core/target/ipf-platform-camel-core-5.1-SNAPSHOT.jar:/home/chandra/.m2/repository/org/apache/camel/camel-management/4.10.0/camel-management-4.10.0.jar:/home/chandra/.m2/repository/org/apache/camel/camel-xml-io/4.10.0/camel-xml-io-4.10.0.jar:/home/chandra/.m2/repository/org/apache/camel/camel-bean/4.10.0/camel-bean-4.10.0.jar:/home/chandra/.m2/repository/org/apache/camel/camel-log/4.10.0/camel-log-4.10.0.jar:/home/chandra/.m2/repository/org/apache/camel/camel-direct/4.10.0/camel-direct-4.10.0.jar:/home/chandra/.m2/repository/org/apache/camel/camel-core-languages/4.10.0/camel-core-languages-4.10.0.jar:/media/chandra/b664505e-129c-4c0d-a87b-9efb6469eca2/home/chandra/code/ipf/platform-camel/ihe/atna/target/ipf-platform-camel-ihe-atna-5.1-SNAPSHOT.jar:/media/chandra/b664505e-129c-4c0d-a87b-9efb6469eca2/home/chandra/code/ipf/platform-camel/ihe/core/target/ipf-platform-camel-ihe-core-5.1-SNAPSHOT.jar:/home/chandra/.m2/repository/org/springframework/spring-context/6.2.3/spring-context-6.2.3.jar:/home/chandra/.m2/repository/org/springframework/spring-aop/6.2.3/spring-aop-6.2.3.jar:/media/chandra/b664505e-129c-4c0d-a87b-9efb6469eca2/home/chandra/code/ipf/platform-camel/ihe/ws/target/ipf-platform-camel-ihe-ws-5.1-SNAPSHOT-tests.jar:/media/chandra/b664505e-129c-4c0d-a87b-9efb6469eca2/home/chandra/code/ipf/commons/ihe/ws/target/ipf-commons-ihe-ws-5.1-SNAPSHOT.jar:/media/chandra/b664505e-129c-4c0d-a87b-9efb6469eca2/home/chandra/code/ipf/commons/ihe/ws/target/ipf-commons-ihe-ws-5.1-SNAPSHOT-tests.jar:/media/chandra/b664505e-129c-4c0d-a87b-9efb6469eca2/home/chandra/code/ipf/commons/core/target/ipf-commons-core-5.1-SNAPSHOT.jar:/home/chandra/.m2/repository/org/apache/groovy/groovy/4.0.25/groovy-4.0.25.jar:/home/chandra/.m2/repository/org/vibur/vibur-object-pool/25.0/vibur-object-pool-25.0.jar:/media/chandra/b664505e-129c-4c0d-a87b-9efb6469eca2/home/chandra/code/ipf/commons/ihe/core/target/ipf-commons-ihe-core-5.1-SNAPSHOT.jar:/home/chandra/.m2/repository/org/apache/cxf/cxf-rt-bindings-soap/4.1.0/cxf-rt-bindings-soap-4.1.0.jar:/home/chandra/.m2/repository/jakarta/xml/soap/jakarta.xml.soap-api/3.0.2/jakarta.xml.soap-api-3.0.2.jar:/home/chandra/.m2/repository/org/apache/cxf/cxf-core/4.1.0/cxf-core-4.1.0.jar:/home/chandra/.m2/repository/org/apache/ws/xmlschema/xmlschema-core/2.3.1/xmlschema-core-2.3.1.jar:/home/chandra/.m2/repository/org/apache/cxf/cxf-rt-wsdl/4.1.0/cxf-rt-wsdl-4.1.0.jar:/home/chandra/.m2/repository/wsdl4j/wsdl4j/1.6.3/wsdl4j-1.6.3.jar:/home/chandra/.m2/repository/org/apache/cxf/cxf-rt-databinding-jaxb/4.1.0/cxf-rt-databinding-jaxb-4.1.0.jar:/home/chandra/.m2/repository/org/eclipse/angus/angus-activation/2.0.2/angus-activation-2.0.2.jar:/home/chandra/.m2/repository/org/apache/cxf/cxf-rt-frontend-simple/4.1.0/cxf-rt-frontend-simple-4.1.0.jar:/home/chandra/.m2/repository/org/eclipse/angus/angus-mail/2.0.3/angus-mail-2.0.3.jar:/home/chandra/.m2/repository/jakarta/mail/jakarta.mail-api/2.1.3/jakarta.mail-api-2.1.3.jar:/home/chandra/.m2/repository/org/apache/cxf/cxf-rt-frontend-jaxws/4.1.0/cxf-rt-frontend-jaxws-4.1.0.jar:/home/chandra/.m2/repository/xml-resolver/xml-resolver/1.2/xml-resolver-1.2.jar:/home/chandra/.m2/repository/org/ow2/asm/asm/9.7.1/asm-9.7.1.jar:/home/chandra/.m2/repository/org/apache/cxf/cxf-rt-bindings-xml/4.1.0/cxf-rt-bindings-xml-4.1.0.jar:/home/chandra/.m2/repository/org/apache/cxf/cxf-rt-ws-addr/4.1.0/cxf-rt-ws-addr-4.1.0.jar:/home/chandra/.m2/repository/org/apache/cxf/cxf-rt-ws-policy/4.1.0/cxf-rt-ws-policy-4.1.0.jar:/home/chandra/.m2/repository/org/apache/neethi/neethi/3.2.1/neethi-3.2.1.jar:/home/chandra/.m2/repository/org/apache/cxf/cxf-rt-transports-http/4.1.0/cxf-rt-transports-http-4.1.0.jar:/home/chandra/.m2/repository/org/apache/cxf/cxf-rt-features-logging/4.1.0/cxf-rt-features-logging-4.1.0.jar:/home/chandra/.m2/repository/javax/cache/cache-api/1.1.1/cache-api-1.1.1.jar:/home/chandra/.m2/repository/jakarta/jws/jakarta.jws-api/3.0.0/jakarta.jws-api-3.0.0.jar:/home/chandra/.m2/repository/jakarta/xml/ws/jakarta.xml.ws-api/4.0.2/jakarta.xml.ws-api-4.0.2.jar:/home/chandra/.m2/repository/org/apache/groovy/groovy-xml/4.0.25/groovy-xml-4.0.25.jar:/home/chandra/.m2/repository/org/apache/camel/camel-http/4.10.0/camel-http-4.10.0.jar:/home/chandra/.m2/repository/org/apache/camel/camel-cloud/4.10.0/camel-cloud-4.10.0.jar:/home/chandra/.m2/repository/org/apache/camel/camel-core-model/4.10.0/camel-core-model-4.10.0.jar:/home/chandra/.m2/repository/org/apache/camel/camel-core-processor/4.10.0/camel-core-processor-4.10.0.jar:/home/chandra/.m2/repository/org/apache/camel/camel-file/4.10.0/camel-file-4.10.0.jar:/home/chandra/.m2/repository/org/apache/camel/camel-cluster/4.10.0/camel-cluster-4.10.0.jar:/home/chandra/.m2/repository/commons-codec/commons-codec/1.17.2/commons-codec-1.17.2.jar:/home/chandra/.m2/repository/org/apache/camel/camel-util-json/4.10.0/camel-util-json-4.10.0.jar:/home/chandra/.m2/repository/org/apache/httpcomponents/core5/httpcore5/5.3.3/httpcore5-5.3.3.jar:/home/chandra/.m2/repository/org/apache/httpcomponents/core5/httpcore5-h2/5.3.3/httpcore5-h2-5.3.3.jar:/home/chandra/.m2/repository/org/apache/httpcomponents/client5/httpclient5/5.4.2/httpclient5-5.4.2.jar:/home/chandra/.m2/repository/org/apache/camel/camel-http-base/4.10.0/camel-http-base-4.10.0.jar:/media/chandra/b664505e-129c-4c0d-a87b-9efb6469eca2/home/chandra/code/ipf/commons/spring/target/ipf-commons-spring-5.1-SNAPSHOT.jar:/home/chandra/.m2/repository/org/springframework/spring-core/6.2.3/spring-core-6.2.3.jar:/home/chandra/.m2/repository/org/springframework/spring-jcl/6.2.3/spring-jcl-6.2.3.jar:/media/chandra/b664505e-129c-4c0d-a87b-9efb6469eca2/home/chandra/code/ipf/commons/map/target/ipf-commons-map-5.1-SNAPSHOT.jar:/home/chandra/.m2/repository/org/apache/camel/camel-spring/4.10.0/camel-spring-4.10.0.jar:/home/chandra/.m2/repository/org/apache/camel/camel-core-engine/4.10.0/camel-core-engine-4.10.0.jar:/home/chandra/.m2/repository/org/apache/camel/camel-base-engine/4.10.0/camel-base-engine-4.10.0.jar:/home/chandra/.m2/repository/org/apache/camel/camel-base/4.10.0/camel-base-4.10.0.jar:/home/chandra/.m2/repository/org/apache/camel/camel-core-reifier/4.10.0/camel-core-reifier-4.10.0.jar:/home/chandra/.m2/repository/org/apache/camel/camel-management-api/4.10.0/camel-management-api-4.10.0.jar:/home/chandra/.m2/repository/org/springframework/spring-beans/6.2.3/spring-beans-6.2.3.jar:/home/chandra/.m2/repository/org/springframework/spring-expression/6.2.3/spring-expression-6.2.3.jar:/home/chandra/.m2/repository/org/springframework/spring-tx/6.2.3/spring-tx-6.2.3.jar:/home/chandra/.m2/repository/org/apache/camel/camel-spring-xml/4.10.0/camel-spring-xml-4.10.0.jar:/home/chandra/.m2/repository/org/apache/camel/camel-xml-jaxb/4.10.0/camel-xml-jaxb-4.10.0.jar:/home/chandra/.m2/repository/org/apache/camel/camel-xml-jaxp/4.10.0/camel-xml-jaxp-4.10.0.jar:/home/chandra/.m2/repository/org/apache/camel/camel-xml-io-util/4.10.0/camel-xml-io-util-4.10.0.jar:/home/chandra/.m2/repository/org/apache/camel/camel-core-xml/4.10.0/camel-core-xml-4.10.0.jar:/home/chandra/.m2/repository/jakarta/annotation/jakarta.annotation-api/2.1.1/jakarta.annotation-api-2.1.1.jar:/home/chandra/.m2/repository/org/springframework/spring-web/6.2.3/spring-web-6.2.3.jar:/home/chandra/.m2/repository/io/micrometer/micrometer-observation/1.14.4/micrometer-observation-1.14.4.jar:/home/chandra/.m2/repository/io/micrometer/micrometer-commons/1.14.4/micrometer-commons-1.14.4.jar:/home/chandra/.m2/repository/ca/uhn/hapi/fhir/hapi-fhir-validation-resources-r4/8.0.0/hapi-fhir-validation-resources-r4-8.0.0.jar:/home/chandra/.m2/repository/ca/uhn/hapi/fhir/hapi-fhir-base/8.0.0/hapi-fhir-base-8.0.0.jar:/home/chandra/.m2/repository/com/fasterxml/jackson/datatype/jackson-datatype-jsr310/2.18.2/jackson-datatype-jsr310-2.18.2.jar:/home/chandra/.m2/repository/com/fasterxml/jackson/core/jackson-annotations/2.18.2/jackson-annotations-2.18.2.jar:/home/chandra/.m2/repository/com/fasterxml/jackson/core/jackson-core/2.18.2/jackson-core-2.18.2.jar:/home/chandra/.m2/repository/com/fasterxml/jackson/core/jackson-databind/2.18.2/jackson-databind-2.18.2.jar:/home/chandra/.m2/repository/org/apache/commons/commons-lang3/3.17.0/commons-lang3-3.17.0.jar:/home/chandra/.m2/repository/org/apache/commons/commons-text/1.10.0/commons-text-1.10.0.jar:/home/chandra/.m2/repository/commons-io/commons-io/2.18.0/commons-io-2.18.0.jar:/home/chandra/.m2/repository/com/google/guava/guava/33.3.0-jre/guava-33.3.0-jre.jar:/home/chandra/.m2/repository/com/google/guava/failureaccess/1.0.2/failureaccess-1.0.2.jar:/home/chandra/.m2/repository/com/google/guava/listenablefuture/9999.0-empty-to-avoid-conflict-with-guava/listenablefuture-9999.0-empty-to-avoid-conflict-with-guava.jar:/home/chandra/.m2/repository/org/checkerframework/checker-qual/3.19.0/checker-qual-3.19.0.jar:/home/chandra/.m2/repository/com/google/errorprone/error_prone_annotations/2.28.0/error_prone_annotations-2.28.0.jar:/home/chandra/.m2/repository/com/google/j2objc/j2objc-annotations/3.0.0/j2objc-annotations-3.0.0.jar:/home/chandra/.m2/repository/io/opentelemetry/opentelemetry-api/1.43.0/opentelemetry-api-1.43.0.jar:/home/chandra/.m2/repository/io/opentelemetry/opentelemetry-context/1.43.0/opentelemetry-context-1.43.0.jar:/home/chandra/.m2/repository/io/opentelemetry/instrumentation/opentelemetry-instrumentation-annotations/2.10.0/opentelemetry-instrumentation-annotations-2.10.0.jar:/home/chandra/.m2/repository/com/helger/schematron/ph-schematron-xslt/7.1.2/ph-schematron-xslt-7.1.2.jar:/home/chandra/.m2/repository/com/helger/schematron/ph-schematron-api/7.1.2/ph-schematron-api-7.1.2.jar:/home/chandra/.m2/repository/com/helger/commons/ph-xml/11.1.0/ph-xml-11.1.0.jar:/home/chandra/.m2/repository/com/helger/commons/ph-jaxb/11.1.0/ph-jaxb-11.1.0.jar:/home/chandra/.m2/repository/com/helger/xsd/ph-xsds-xml/3.0.0/ph-xsds-xml-3.0.0.jar:/home/chandra/.m2/repository/net/sf/saxon/Saxon-HE/12.5/Saxon-HE-12.5.jar:/home/chandra/.m2/repository/org/xmlresolver/xmlresolver/5.2.2/xmlresolver-5.2.2.jar:/home/chandra/.m2/repository/org/xmlresolver/xmlresolver/5.2.2/xmlresolver-5.2.2-data.jar:/home/chandra/.m2/repository/com/helger/commons/ph-commons/11.1.0/ph-commons-11.1.0.jar:/home/chandra/.m2/repository/com/google/code/findbugs/jsr305/3.0.2/jsr305-3.0.2.jar:/home/chandra/.m2/repository/org/eclipse/jetty/jetty-http/12.0.16/jetty-http-12.0.16.jar:/home/chandra/.m2/repository/org/eclipse/jetty/jetty-util/12.0.16/jetty-util-12.0.16.jar:/home/chandra/.m2/repository/org/eclipse/jetty/ee10/jetty-ee10-servlet/12.0.16/jetty-ee10-servlet-12.0.16.jar:/home/chandra/.m2/repository/org/eclipse/jetty/jetty-security/12.0.16/jetty-security-12.0.16.jar:/home/chandra/.m2/repository/org/eclipse/jetty/jetty-server/12.0.16/jetty-server-12.0.16.jar:/home/chandra/.m2/repository/org/eclipse/jetty/jetty-session/12.0.16/jetty-session-12.0.16.jar:/home/chandra/.m2/repository/org/eclipse/jetty/jetty-io/12.0.16/jetty-io-12.0.16.jar:/home/chandra/.m2/repository/com/github/mizosoft/methanol/methanol/1.7.0/methanol-1.7.0.jar:/media/chandra/b664505e-129c-4c0d-a87b-9efb6469eca2/home/chandra/code/ipf/commons/ihe/xacml20/impl/target/ipf-commons-ihe-xacml20-impl-5.1-SNAPSHOT.jar:/media/chandra/b664505e-129c-4c0d-a87b-9efb6469eca2/home/chandra/code/ipf/commons/ihe/xacml20/model/target/ipf-commons-ihe-xacml20-model-5.1-SNAPSHOT.jar:/media/chandra/b664505e-129c-4c0d-a87b-9efb6469eca2/home/chandra/code/ipf/commons/xml/target/ipf-commons-xml-5.1-SNAPSHOT.jar:/home/chandra/.m2/repository/net/sf/saxon/Saxon-HE/12.5/Saxon-HE-12.5-xqj.jar:/home/chandra/.m2/repository/org/herasaf/xacml/core/herasaf-xacml-core/3.0.2/herasaf-xacml-core-3.0.2.jar:/home/chandra/.m2/repository/org/apache/santuario/xmlsec/4.0.3/xmlsec-4.0.3.jar:/home/chandra/.m2/repository/com/fasterxml/woodstox/woodstox-core/7.1.0/woodstox-core-7.1.0.jar:/home/chandra/.m2/repository/org/codehaus/woodstox/stax2-api/4.2.2/stax2-api-4.2.2.jar:/media/chandra/b664505e-129c-4c0d-a87b-9efb6469eca2/home/chandra/code/ipf/platform-camel/ihe/fhir/core/target/ipf-platform-camel-ihe-fhir-core-5.1-SNAPSHOT.jar:/media/chandra/b664505e-129c-4c0d-a87b-9efb6469eca2/home/chandra/code/ipf/commons/ihe/fhir/core/target/ipf-commons-ihe-fhir-core-5.1-SNAPSHOT.jar:/home/chandra/.m2/repository/ca/uhn/hapi/fhir/hapi-fhir-server/8.0.0/hapi-fhir-server-8.0.0.jar:/home/chandra/.m2/repository/org/apache/httpcomponents/httpcore/4.4.16/httpcore-4.4.16.jar:/home/chandra/.m2/repository/com/googlecode/owasp-java-html-sanitizer/owasp-java-html-sanitizer/20240325.1/owasp-java-html-sanitizer-20240325.1.jar:/home/chandra/.m2/repository/com/googlecode/owasp-java-html-sanitizer/java8-shim/20240325.1/java8-shim-20240325.1.jar:/home/chandra/.m2/repository/com/googlecode/owasp-java-html-sanitizer/java10-shim/20240325.1/java10-shim-20240325.1.jar:/home/chandra/.m2/repository/org/springframework/spring-messaging/6.2.3/spring-messaging-6.2.3.jar:/home/chandra/.m2/repository/org/apache/commons/commons-collections4/4.4/commons-collections4-4.4.jar:/home/chandra/.m2/repository/ca/uhn/hapi/fhir/hapi-fhir-client/8.0.0/hapi-fhir-client-8.0.0.jar:/home/chandra/.m2/repository/org/apache/httpcomponents/httpclient/4.5.14/httpclient-4.5.14.jar:/home/chandra/.m2/repository/ca/uhn/hapi/fhir/hapi-fhir-validation/8.0.0/hapi-fhir-validation-8.0.0.jar:/home/chandra/.m2/repository/ca/uhn/hapi/fhir/hapi-fhir-converter/8.0.0/hapi-fhir-converter-8.0.0.jar:/home/chandra/.m2/repository/ca/uhn/hapi/fhir/org.hl7.fhir.convertors/6.4.0/org.hl7.fhir.convertors-6.4.0.jar:/home/chandra/.m2/repository/ca/uhn/hapi/fhir/org.hl7.fhir.r4b/6.4.0/org.hl7.fhir.r4b-6.4.0.jar:/home/chandra/.m2/repository/org/xerial/sqlite-jdbc/3.47.2.0/sqlite-jdbc-3.47.2.0.jar:/home/chandra/.m2/repository/ca/uhn/hapi/fhir/org.hl7.fhir.validation/6.4.0/org.hl7.fhir.validation-6.4.0.jar:/home/chandra/.m2/repository/ca/uhn/hapi/fhir/org.hl7.fhir.dstu2/6.4.0/org.hl7.fhir.dstu2-6.4.0.jar:/home/chandra/.m2/repository/ca/uhn/hapi/fhir/org.hl7.fhir.dstu2016may/6.4.0/org.hl7.fhir.dstu2016may-6.4.0.jar:/home/chandra/.m2/repository/ca/uhn/hapi/fhir/org.hl7.fhir.dstu3/6.4.0/org.hl7.fhir.dstu3-6.4.0.jar:/home/chandra/.m2/repository/org/ogce/xpp3/1.1.6/xpp3-1.1.6.jar:/home/chandra/.m2/repository/jakarta-regexp/jakarta-regexp/1.4/jakarta-regexp-1.4.jar:/home/chandra/.m2/repository/org/thymeleaf/thymeleaf/3.1.3.RELEASE/thymeleaf-3.1.3.RELEASE.jar:/home/chandra/.m2/repository/ognl/ognl/3.3.4/ognl-3.3.4.jar:/home/chandra/.m2/repository/org/javassist/javassist/3.22.0-GA/javassist-3.22.0-GA.jar:/home/chandra/.m2/repository/org/attoparser/attoparser/2.0.7.RELEASE/attoparser-2.0.7.RELEASE.jar:/home/chandra/.m2/repository/org/unbescape/unbescape/1.1.6.RELEASE/unbescape-1.1.6.RELEASE.jar:/home/chandra/.m2/repository/org/fhir/ucum/1.0.9/ucum-1.0.9.jar:/home/chandra/.m2/repository/com/google/code/gson/gson/2.11.0/gson-2.11.0.jar:/home/chandra/.m2/repository/ca/uhn/hapi/fhir/hapi-fhir-caching-caffeine/8.0.0/hapi-fhir-caching-caffeine-8.0.0.jar:/home/chandra/.m2/repository/com/github/ben-manes/caffeine/caffeine/3.1.8/caffeine-3.1.8.jar:/home/chandra/.m2/repository/org/apache/commons/commons-compress/1.27.1/commons-compress-1.27.1.jar:/home/chandra/.m2/repository/jakarta/servlet/jakarta.servlet-api/6.0.0/jakarta.servlet-api-6.0.0.jar:/media/chandra/b664505e-129c-4c0d-a87b-9efb6469eca2/home/chandra/code/ipf/commons/ihe/core/target/ipf-commons-ihe-core-5.1-SNAPSHOT-tests.jar:/media/chandra/b664505e-129c-4c0d-a87b-9efb6469eca2/home/chandra/code/ipf/commons/audit/target/ipf-commons-audit-5.1-SNAPSHOT.jar:/home/chandra/.m2/repository/org/jdom/jdom2/2.0.6.1/jdom2-2.0.6.1.jar:/home/chandra/.m2/repository/io/micrometer/context-propagation/1.1.2/context-propagation-1.1.2.jar:/home/chandra/.m2/repository/org/springframework/spring-test/6.2.3/spring-test-6.2.3.jar:/home/chandra/.m2/repository/org/apache/logging/log4j/log4j-api/2.24.3/log4j-api-2.24.3.jar:/home/chandra/.m2/repository/org/apache/logging/log4j/log4j-core/2.24.3/log4j-core-2.24.3.jar:/home/chandra/.m2/repository/org/apache/logging/log4j/log4j-slf4j2-impl/2.24.3/log4j-slf4j2-impl-2.24.3.jar:/home/chandra/.m2/repository/org/slf4j/jcl-over-slf4j/2.0.16/jcl-over-slf4j-2.0.16.jar:/home/chandra/.m2/repository/org/slf4j/slf4j-api/2.0.16/slf4j-api-2.0.16.jar:/home/chandra/.m2/repository/org/junit/jupiter/junit-jupiter/5.11.4/junit-jupiter-5.11.4.jar:/home/chandra/.m2/repository/org/junit/jupiter/junit-jupiter-api/5.11.4/junit-jupiter-api-5.11.4.jar:/home/chandra/.m2/repository/org/opentest4j/opentest4j/1.3.0/opentest4j-1.3.0.jar:/home/chandra/.m2/repository/org/junit/platform/junit-platform-commons/1.11.4/junit-platform-commons-1.11.4.jar:/home/chandra/.m2/repository/org/apiguardian/apiguardian-api/1.1.2/apiguardian-api-1.1.2.jar:/home/chandra/.m2/repository/org/junit/jupiter/junit-jupiter-params/5.11.4/junit-jupiter-params-5.11.4.jar:/home/chandra/.m2/repository/org/junit/jupiter/junit-jupiter-engine/5.11.4/junit-jupiter-engine-5.11.4.jar:/home/chandra/.m2/repository/org/junit/platform/junit-platform-engine/1.11.4/junit-platform-engine-1.11.4.jar:/home/chandra/.m2/repository/org/projectlombok/lombok/1.18.36/lombok-1.18.36.jar:"/>
    <property name="java.vm.vendor" value="Ubuntu"/>
    <property name="sun.arch.data.model" value="64"/>
    <property name="java.vendor.url" value="https://ubuntu.com/"/>
    <property name="user.timezone" value="Asia/Kolkata"/>
    <property name="os.name" value="Linux"/>
    <property name="java.vm.specification.version" value="17"/>
    <property name="sun.java.launcher" value="SUN_STANDARD"/>
    <property name="user.country" value="IN"/>
    <property name="sun.boot.library.path" value="/usr/lib/jvm/java-17-openjdk-amd64/lib"/>
    <property name="sun.java.command" value="/media/chandra/b664505e-129c-4c0d-a87b-9efb6469eca2/home/chandra/code/ipf/platform-camel/ihe/fhir/r4/chppqm/target/surefire/surefirebooter-20250305133042976_616.jar /media/chandra/b664505e-129c-4c0d-a87b-9efb6469eca2/home/chandra/code/ipf/platform-camel/ihe/fhir/r4/chppqm/target/surefire 2025-03-05T12-37-44_543-jvmRun1 surefire-20250305133042976_614tmp surefire_99-20250305133042976_615tmp"/>
    <property name="jdk.debug" value="release"/>
    <property name="surefire.test.class.path" value="/media/chandra/b664505e-129c-4c0d-a87b-9efb6469eca2/home/chandra/code/ipf/platform-camel/ihe/fhir/r4/chppqm/target/test-classes:/media/chandra/b664505e-129c-4c0d-a87b-9efb6469eca2/home/chandra/code/ipf/platform-camel/ihe/fhir/r4/chppqm/target/classes:/media/chandra/b664505e-129c-4c0d-a87b-9efb6469eca2/home/chandra/code/ipf/commons/ihe/fhir/r4/chppqm/target/ipf-commons-ihe-fhir-r4-chppqm-5.1-SNAPSHOT.jar:/home/chandra/.m2/repository/ca/uhn/hapi/fhir/hapi-fhir-structures-r5/8.0.0/hapi-fhir-structures-r5-8.0.0.jar:/home/chandra/.m2/repository/ca/uhn/hapi/fhir/org.hl7.fhir.utilities/6.4.0/org.hl7.fhir.utilities-6.4.0.jar:/home/chandra/.m2/repository/com/ibm/icu/icu4j/72.1/icu4j-72.1.jar:/home/chandra/.m2/repository/ca/uhn/hapi/fhir/org.hl7.fhir.r5/6.4.0/org.hl7.fhir.r5-6.4.0.jar:/home/chandra/.m2/repository/com/nimbusds/nimbus-jose-jwt/9.37.3/nimbus-jose-jwt-9.37.3.jar:/home/chandra/.m2/repository/com/github/stephenc/jcip/jcip-annotations/1.0-1/jcip-annotations-1.0-1.jar:/home/chandra/.m2/repository/ca/uhn/hapi/fhir/hapi-fhir-caching-api/8.0.0/hapi-fhir-caching-api-8.0.0.jar:/media/chandra/b664505e-129c-4c0d-a87b-9efb6469eca2/home/chandra/code/ipf/commons/ihe/fhir/r4/core/target/ipf-commons-ihe-fhir-r4-core-5.1-SNAPSHOT.jar:/home/chandra/.m2/repository/ca/uhn/hapi/fhir/hapi-fhir-structures-r4/8.0.0/hapi-fhir-structures-r4-8.0.0.jar:/home/chandra/.m2/repository/ca/uhn/hapi/fhir/org.hl7.fhir.r4/6.4.0/org.hl7.fhir.r4-6.4.0.jar:/home/chandra/.m2/repository/org/glassfish/jaxb/jaxb-runtime/4.0.5/jaxb-runtime-4.0.5.jar:/home/chandra/.m2/repository/org/glassfish/jaxb/jaxb-core/4.0.5/jaxb-core-4.0.5.jar:/home/chandra/.m2/repository/org/glassfish/jaxb/txw2/4.0.5/txw2-4.0.5.jar:/home/chandra/.m2/repository/com/sun/istack/istack-commons-runtime/4.1.2/istack-commons-runtime-4.1.2.jar:/home/chandra/.m2/repository/jakarta/xml/bind/jakarta.xml.bind-api/4.0.2/jakarta.xml.bind-api-4.0.2.jar:/home/chandra/.m2/repository/jakarta/activation/jakarta.activation-api/2.1.3/jakarta.activation-api-2.1.3.jar:/home/chandra/.m2/repository/org/apache/camel/camel-servlet/4.10.0/camel-servlet-4.10.0.jar:/home/chandra/.m2/repository/org/apache/camel/camel-support/4.10.0/camel-support-4.10.0.jar:/home/chandra/.m2/repository/org/apache/camel/camel-api/4.10.0/camel-api-4.10.0.jar:/home/chandra/.m2/repository/org/apache/camel/camel-util/4.10.0/camel-util-4.10.0.jar:/home/chandra/.m2/repository/org/apache/camel/camel-xml-jaxp-util/4.10.0/camel-xml-jaxp-util-4.10.0.jar:/home/chandra/.m2/repository/org/apache/camel/camel-http-common/4.10.0/camel-http-common-4.10.0.jar:/home/chandra/.m2/repository/org/apache/camel/camel-attachments/4.10.0/camel-attachments-4.10.0.jar:/media/chandra/b664505e-129c-4c0d-a87b-9efb6469eca2/home/chandra/code/ipf/platform-camel/ihe/fhir/r4/test/target/ipf-platform-camel-ihe-fhir-r4-test-5.1-SNAPSHOT.jar:/media/chandra/b664505e-129c-4c0d-a87b-9efb6469eca2/home/chandra/code/ipf/platform-camel/core/target/ipf-platform-camel-core-5.1-SNAPSHOT.jar:/home/chandra/.m2/repository/org/apache/camel/camel-management/4.10.0/camel-management-4.10.0.jar:/home/chandra/.m2/repository/org/apache/camel/camel-xml-io/4.10.0/camel-xml-io-4.10.0.jar:/home/chandra/.m2/repository/org/apache/camel/camel-bean/4.10.0/camel-bean-4.10.0.jar:/home/chandra/.m2/repository/org/apache/camel/camel-log/4.10.0/camel-log-4.10.0.jar:/home/chandra/.m2/repository/org/apache/camel/camel-direct/4.10.0/camel-direct-4.10.0.jar:/home/chandra/.m2/repository/org/apache/camel/camel-core-languages/4.10.0/camel-core-languages-4.10.0.jar:/media/chandra/b664505e-129c-4c0d-a87b-9efb6469eca2/home/chandra/code/ipf/platform-camel/ihe/atna/target/ipf-platform-camel-ihe-atna-5.1-SNAPSHOT.jar:/media/chandra/b664505e-129c-4c0d-a87b-9efb6469eca2/home/chandra/code/ipf/platform-camel/ihe/core/target/ipf-platform-camel-ihe-core-5.1-SNAPSHOT.jar:/home/chandra/.m2/repository/org/springframework/spring-context/6.2.3/spring-context-6.2.3.jar:/home/chandra/.m2/repository/org/springframework/spring-aop/6.2.3/spring-aop-6.2.3.jar:/media/chandra/b664505e-129c-4c0d-a87b-9efb6469eca2/home/chandra/code/ipf/platform-camel/ihe/ws/target/ipf-platform-camel-ihe-ws-5.1-SNAPSHOT-tests.jar:/media/chandra/b664505e-129c-4c0d-a87b-9efb6469eca2/home/chandra/code/ipf/commons/ihe/ws/target/ipf-commons-ihe-ws-5.1-SNAPSHOT.jar:/media/chandra/b664505e-129c-4c0d-a87b-9efb6469eca2/home/chandra/code/ipf/commons/ihe/ws/target/ipf-commons-ihe-ws-5.1-SNAPSHOT-tests.jar:/media/chandra/b664505e-129c-4c0d-a87b-9efb6469eca2/home/chandra/code/ipf/commons/core/target/ipf-commons-core-5.1-SNAPSHOT.jar:/home/chandra/.m2/repository/org/apache/groovy/groovy/4.0.25/groovy-4.0.25.jar:/home/chandra/.m2/repository/org/vibur/vibur-object-pool/25.0/vibur-object-pool-25.0.jar:/media/chandra/b664505e-129c-4c0d-a87b-9efb6469eca2/home/chandra/code/ipf/commons/ihe/core/target/ipf-commons-ihe-core-5.1-SNAPSHOT.jar:/home/chandra/.m2/repository/org/apache/cxf/cxf-rt-bindings-soap/4.1.0/cxf-rt-bindings-soap-4.1.0.jar:/home/chandra/.m2/repository/jakarta/xml/soap/jakarta.xml.soap-api/3.0.2/jakarta.xml.soap-api-3.0.2.jar:/home/chandra/.m2/repository/org/apache/cxf/cxf-core/4.1.0/cxf-core-4.1.0.jar:/home/chandra/.m2/repository/org/apache/ws/xmlschema/xmlschema-core/2.3.1/xmlschema-core-2.3.1.jar:/home/chandra/.m2/repository/org/apache/cxf/cxf-rt-wsdl/4.1.0/cxf-rt-wsdl-4.1.0.jar:/home/chandra/.m2/repository/wsdl4j/wsdl4j/1.6.3/wsdl4j-1.6.3.jar:/home/chandra/.m2/repository/org/apache/cxf/cxf-rt-databinding-jaxb/4.1.0/cxf-rt-databinding-jaxb-4.1.0.jar:/home/chandra/.m2/repository/org/eclipse/angus/angus-activation/2.0.2/angus-activation-2.0.2.jar:/home/chandra/.m2/repository/org/apache/cxf/cxf-rt-frontend-simple/4.1.0/cxf-rt-frontend-simple-4.1.0.jar:/home/chandra/.m2/repository/org/eclipse/angus/angus-mail/2.0.3/angus-mail-2.0.3.jar:/home/chandra/.m2/repository/jakarta/mail/jakarta.mail-api/2.1.3/jakarta.mail-api-2.1.3.jar:/home/chandra/.m2/repository/org/apache/cxf/cxf-rt-frontend-jaxws/4.1.0/cxf-rt-frontend-jaxws-4.1.0.jar:/home/chandra/.m2/repository/xml-resolver/xml-resolver/1.2/xml-resolver-1.2.jar:/home/chandra/.m2/repository/org/ow2/asm/asm/9.7.1/asm-9.7.1.jar:/home/chandra/.m2/repository/org/apache/cxf/cxf-rt-bindings-xml/4.1.0/cxf-rt-bindings-xml-4.1.0.jar:/home/chandra/.m2/repository/org/apache/cxf/cxf-rt-ws-addr/4.1.0/cxf-rt-ws-addr-4.1.0.jar:/home/chandra/.m2/repository/org/apache/cxf/cxf-rt-ws-policy/4.1.0/cxf-rt-ws-policy-4.1.0.jar:/home/chandra/.m2/repository/org/apache/neethi/neethi/3.2.1/neethi-3.2.1.jar:/home/chandra/.m2/repository/org/apache/cxf/cxf-rt-transports-http/4.1.0/cxf-rt-transports-http-4.1.0.jar:/home/chandra/.m2/repository/org/apache/cxf/cxf-rt-features-logging/4.1.0/cxf-rt-features-logging-4.1.0.jar:/home/chandra/.m2/repository/javax/cache/cache-api/1.1.1/cache-api-1.1.1.jar:/home/chandra/.m2/repository/jakarta/jws/jakarta.jws-api/3.0.0/jakarta.jws-api-3.0.0.jar:/home/chandra/.m2/repository/jakarta/xml/ws/jakarta.xml.ws-api/4.0.2/jakarta.xml.ws-api-4.0.2.jar:/home/chandra/.m2/repository/org/apache/groovy/groovy-xml/4.0.25/groovy-xml-4.0.25.jar:/home/chandra/.m2/repository/org/apache/camel/camel-http/4.10.0/camel-http-4.10.0.jar:/home/chandra/.m2/repository/org/apache/camel/camel-cloud/4.10.0/camel-cloud-4.10.0.jar:/home/chandra/.m2/repository/org/apache/camel/camel-core-model/4.10.0/camel-core-model-4.10.0.jar:/home/chandra/.m2/repository/org/apache/camel/camel-core-processor/4.10.0/camel-core-processor-4.10.0.jar:/home/chandra/.m2/repository/org/apache/camel/camel-file/4.10.0/camel-file-4.10.0.jar:/home/chandra/.m2/repository/org/apache/camel/camel-cluster/4.10.0/camel-cluster-4.10.0.jar:/home/chandra/.m2/repository/commons-codec/commons-codec/1.17.2/commons-codec-1.17.2.jar:/home/chandra/.m2/repository/org/apache/camel/camel-util-json/4.10.0/camel-util-json-4.10.0.jar:/home/chandra/.m2/repository/org/apache/httpcomponents/core5/httpcore5/5.3.3/httpcore5-5.3.3.jar:/home/chandra/.m2/repository/org/apache/httpcomponents/core5/httpcore5-h2/5.3.3/httpcore5-h2-5.3.3.jar:/home/chandra/.m2/repository/org/apache/httpcomponents/client5/httpclient5/5.4.2/httpclient5-5.4.2.jar:/home/chandra/.m2/repository/org/apache/camel/camel-http-base/4.10.0/camel-http-base-4.10.0.jar:/media/chandra/b664505e-129c-4c0d-a87b-9efb6469eca2/home/chandra/code/ipf/commons/spring/target/ipf-commons-spring-5.1-SNAPSHOT.jar:/home/chandra/.m2/repository/org/springframework/spring-core/6.2.3/spring-core-6.2.3.jar:/home/chandra/.m2/repository/org/springframework/spring-jcl/6.2.3/spring-jcl-6.2.3.jar:/media/chandra/b664505e-129c-4c0d-a87b-9efb6469eca2/home/chandra/code/ipf/commons/map/target/ipf-commons-map-5.1-SNAPSHOT.jar:/home/chandra/.m2/repository/org/apache/camel/camel-spring/4.10.0/camel-spring-4.10.0.jar:/home/chandra/.m2/repository/org/apache/camel/camel-core-engine/4.10.0/camel-core-engine-4.10.0.jar:/home/chandra/.m2/repository/org/apache/camel/camel-base-engine/4.10.0/camel-base-engine-4.10.0.jar:/home/chandra/.m2/repository/org/apache/camel/camel-base/4.10.0/camel-base-4.10.0.jar:/home/chandra/.m2/repository/org/apache/camel/camel-core-reifier/4.10.0/camel-core-reifier-4.10.0.jar:/home/chandra/.m2/repository/org/apache/camel/camel-management-api/4.10.0/camel-management-api-4.10.0.jar:/home/chandra/.m2/repository/org/springframework/spring-beans/6.2.3/spring-beans-6.2.3.jar:/home/chandra/.m2/repository/org/springframework/spring-expression/6.2.3/spring-expression-6.2.3.jar:/home/chandra/.m2/repository/org/springframework/spring-tx/6.2.3/spring-tx-6.2.3.jar:/home/chandra/.m2/repository/org/apache/camel/camel-spring-xml/4.10.0/camel-spring-xml-4.10.0.jar:/home/chandra/.m2/repository/org/apache/camel/camel-xml-jaxb/4.10.0/camel-xml-jaxb-4.10.0.jar:/home/chandra/.m2/repository/org/apache/camel/camel-xml-jaxp/4.10.0/camel-xml-jaxp-4.10.0.jar:/home/chandra/.m2/repository/org/apache/camel/camel-xml-io-util/4.10.0/camel-xml-io-util-4.10.0.jar:/home/chandra/.m2/repository/org/apache/camel/camel-core-xml/4.10.0/camel-core-xml-4.10.0.jar:/home/chandra/.m2/repository/jakarta/annotation/jakarta.annotation-api/2.1.1/jakarta.annotation-api-2.1.1.jar:/home/chandra/.m2/repository/org/springframework/spring-web/6.2.3/spring-web-6.2.3.jar:/home/chandra/.m2/repository/io/micrometer/micrometer-observation/1.14.4/micrometer-observation-1.14.4.jar:/home/chandra/.m2/repository/io/micrometer/micrometer-commons/1.14.4/micrometer-commons-1.14.4.jar:/home/chandra/.m2/repository/ca/uhn/hapi/fhir/hapi-fhir-validation-resources-r4/8.0.0/hapi-fhir-validation-resources-r4-8.0.0.jar:/home/chandra/.m2/repository/ca/uhn/hapi/fhir/hapi-fhir-base/8.0.0/hapi-fhir-base-8.0.0.jar:/home/chandra/.m2/repository/com/fasterxml/jackson/datatype/jackson-datatype-jsr310/2.18.2/jackson-datatype-jsr310-2.18.2.jar:/home/chandra/.m2/repository/com/fasterxml/jackson/core/jackson-annotations/2.18.2/jackson-annotations-2.18.2.jar:/home/chandra/.m2/repository/com/fasterxml/jackson/core/jackson-core/2.18.2/jackson-core-2.18.2.jar:/home/chandra/.m2/repository/com/fasterxml/jackson/core/jackson-databind/2.18.2/jackson-databind-2.18.2.jar:/home/chandra/.m2/repository/org/apache/commons/commons-lang3/3.17.0/commons-lang3-3.17.0.jar:/home/chandra/.m2/repository/org/apache/commons/commons-text/1.10.0/commons-text-1.10.0.jar:/home/chandra/.m2/repository/commons-io/commons-io/2.18.0/commons-io-2.18.0.jar:/home/chandra/.m2/repository/com/google/guava/guava/33.3.0-jre/guava-33.3.0-jre.jar:/home/chandra/.m2/repository/com/google/guava/failureaccess/1.0.2/failureaccess-1.0.2.jar:/home/chandra/.m2/repository/com/google/guava/listenablefuture/9999.0-empty-to-avoid-conflict-with-guava/listenablefuture-9999.0-empty-to-avoid-conflict-with-guava.jar:/home/chandra/.m2/repository/org/checkerframework/checker-qual/3.19.0/checker-qual-3.19.0.jar:/home/chandra/.m2/repository/com/google/errorprone/error_prone_annotations/2.28.0/error_prone_annotations-2.28.0.jar:/home/chandra/.m2/repository/com/google/j2objc/j2objc-annotations/3.0.0/j2objc-annotations-3.0.0.jar:/home/chandra/.m2/repository/io/opentelemetry/opentelemetry-api/1.43.0/opentelemetry-api-1.43.0.jar:/home/chandra/.m2/repository/io/opentelemetry/opentelemetry-context/1.43.0/opentelemetry-context-1.43.0.jar:/home/chandra/.m2/repository/io/opentelemetry/instrumentation/opentelemetry-instrumentation-annotations/2.10.0/opentelemetry-instrumentation-annotations-2.10.0.jar:/home/chandra/.m2/repository/com/helger/schematron/ph-schematron-xslt/7.1.2/ph-schematron-xslt-7.1.2.jar:/home/chandra/.m2/repository/com/helger/schematron/ph-schematron-api/7.1.2/ph-schematron-api-7.1.2.jar:/home/chandra/.m2/repository/com/helger/commons/ph-xml/11.1.0/ph-xml-11.1.0.jar:/home/chandra/.m2/repository/com/helger/commons/ph-jaxb/11.1.0/ph-jaxb-11.1.0.jar:/home/chandra/.m2/repository/com/helger/xsd/ph-xsds-xml/3.0.0/ph-xsds-xml-3.0.0.jar:/home/chandra/.m2/repository/net/sf/saxon/Saxon-HE/12.5/Saxon-HE-12.5.jar:/home/chandra/.m2/repository/org/xmlresolver/xmlresolver/5.2.2/xmlresolver-5.2.2.jar:/home/chandra/.m2/repository/org/xmlresolver/xmlresolver/5.2.2/xmlresolver-5.2.2-data.jar:/home/chandra/.m2/repository/com/helger/commons/ph-commons/11.1.0/ph-commons-11.1.0.jar:/home/chandra/.m2/repository/com/google/code/findbugs/jsr305/3.0.2/jsr305-3.0.2.jar:/home/chandra/.m2/repository/org/eclipse/jetty/jetty-http/12.0.16/jetty-http-12.0.16.jar:/home/chandra/.m2/repository/org/eclipse/jetty/jetty-util/12.0.16/jetty-util-12.0.16.jar:/home/chandra/.m2/repository/org/eclipse/jetty/ee10/jetty-ee10-servlet/12.0.16/jetty-ee10-servlet-12.0.16.jar:/home/chandra/.m2/repository/org/eclipse/jetty/jetty-security/12.0.16/jetty-security-12.0.16.jar:/home/chandra/.m2/repository/org/eclipse/jetty/jetty-server/12.0.16/jetty-server-12.0.16.jar:/home/chandra/.m2/repository/org/eclipse/jetty/jetty-session/12.0.16/jetty-session-12.0.16.jar:/home/chandra/.m2/repository/org/eclipse/jetty/jetty-io/12.0.16/jetty-io-12.0.16.jar:/home/chandra/.m2/repository/com/github/mizosoft/methanol/methanol/1.7.0/methanol-1.7.0.jar:/media/chandra/b664505e-129c-4c0d-a87b-9efb6469eca2/home/chandra/code/ipf/commons/ihe/xacml20/impl/target/ipf-commons-ihe-xacml20-impl-5.1-SNAPSHOT.jar:/media/chandra/b664505e-129c-4c0d-a87b-9efb6469eca2/home/chandra/code/ipf/commons/ihe/xacml20/model/target/ipf-commons-ihe-xacml20-model-5.1-SNAPSHOT.jar:/media/chandra/b664505e-129c-4c0d-a87b-9efb6469eca2/home/chandra/code/ipf/commons/xml/target/ipf-commons-xml-5.1-SNAPSHOT.jar:/home/chandra/.m2/repository/net/sf/saxon/Saxon-HE/12.5/Saxon-HE-12.5-xqj.jar:/home/chandra/.m2/repository/org/herasaf/xacml/core/herasaf-xacml-core/3.0.2/herasaf-xacml-core-3.0.2.jar:/home/chandra/.m2/repository/org/apache/santuario/xmlsec/4.0.3/xmlsec-4.0.3.jar:/home/chandra/.m2/repository/com/fasterxml/woodstox/woodstox-core/7.1.0/woodstox-core-7.1.0.jar:/home/chandra/.m2/repository/org/codehaus/woodstox/stax2-api/4.2.2/stax2-api-4.2.2.jar:/media/chandra/b664505e-129c-4c0d-a87b-9efb6469eca2/home/chandra/code/ipf/platform-camel/ihe/fhir/core/target/ipf-platform-camel-ihe-fhir-core-5.1-SNAPSHOT.jar:/media/chandra/b664505e-129c-4c0d-a87b-9efb6469eca2/home/chandra/code/ipf/commons/ihe/fhir/core/target/ipf-commons-ihe-fhir-core-5.1-SNAPSHOT.jar:/home/chandra/.m2/repository/ca/uhn/hapi/fhir/hapi-fhir-server/8.0.0/hapi-fhir-server-8.0.0.jar:/home/chandra/.m2/repository/org/apache/httpcomponents/httpcore/4.4.16/httpcore-4.4.16.jar:/home/chandra/.m2/repository/com/googlecode/owasp-java-html-sanitizer/owasp-java-html-sanitizer/20240325.1/owasp-java-html-sanitizer-20240325.1.jar:/home/chandra/.m2/repository/com/googlecode/owasp-java-html-sanitizer/java8-shim/20240325.1/java8-shim-20240325.1.jar:/home/chandra/.m2/repository/com/googlecode/owasp-java-html-sanitizer/java10-shim/20240325.1/java10-shim-20240325.1.jar:/home/chandra/.m2/repository/org/springframework/spring-messaging/6.2.3/spring-messaging-6.2.3.jar:/home/chandra/.m2/repository/org/apache/commons/commons-collections4/4.4/commons-collections4-4.4.jar:/home/chandra/.m2/repository/ca/uhn/hapi/fhir/hapi-fhir-client/8.0.0/hapi-fhir-client-8.0.0.jar:/home/chandra/.m2/repository/org/apache/httpcomponents/httpclient/4.5.14/httpclient-4.5.14.jar:/home/chandra/.m2/repository/ca/uhn/hapi/fhir/hapi-fhir-validation/8.0.0/hapi-fhir-validation-8.0.0.jar:/home/chandra/.m2/repository/ca/uhn/hapi/fhir/hapi-fhir-converter/8.0.0/hapi-fhir-converter-8.0.0.jar:/home/chandra/.m2/repository/ca/uhn/hapi/fhir/org.hl7.fhir.convertors/6.4.0/org.hl7.fhir.convertors-6.4.0.jar:/home/chandra/.m2/repository/ca/uhn/hapi/fhir/org.hl7.fhir.r4b/6.4.0/org.hl7.fhir.r4b-6.4.0.jar:/home/chandra/.m2/repository/org/xerial/sqlite-jdbc/3.47.2.0/sqlite-jdbc-3.47.2.0.jar:/home/chandra/.m2/repository/ca/uhn/hapi/fhir/org.hl7.fhir.validation/6.4.0/org.hl7.fhir.validation-6.4.0.jar:/home/chandra/.m2/repository/ca/uhn/hapi/fhir/org.hl7.fhir.dstu2/6.4.0/org.hl7.fhir.dstu2-6.4.0.jar:/home/chandra/.m2/repository/ca/uhn/hapi/fhir/org.hl7.fhir.dstu2016may/6.4.0/org.hl7.fhir.dstu2016may-6.4.0.jar:/home/chandra/.m2/repository/ca/uhn/hapi/fhir/org.hl7.fhir.dstu3/6.4.0/org.hl7.fhir.dstu3-6.4.0.jar:/home/chandra/.m2/repository/org/ogce/xpp3/1.1.6/xpp3-1.1.6.jar:/home/chandra/.m2/repository/jakarta-regexp/jakarta-regexp/1.4/jakarta-regexp-1.4.jar:/home/chandra/.m2/repository/org/thymeleaf/thymeleaf/3.1.3.RELEASE/thymeleaf-3.1.3.RELEASE.jar:/home/chandra/.m2/repository/ognl/ognl/3.3.4/ognl-3.3.4.jar:/home/chandra/.m2/repository/org/javassist/javassist/3.22.0-GA/javassist-3.22.0-GA.jar:/home/chandra/.m2/repository/org/attoparser/attoparser/2.0.7.RELEASE/attoparser-2.0.7.RELEASE.jar:/home/chandra/.m2/repository/org/unbescape/unbescape/1.1.6.RELEASE/unbescape-1.1.6.RELEASE.jar:/home/chandra/.m2/repository/org/fhir/ucum/1.0.9/ucum-1.0.9.jar:/home/chandra/.m2/repository/com/google/code/gson/gson/2.11.0/gson-2.11.0.jar:/home/chandra/.m2/repository/ca/uhn/hapi/fhir/hapi-fhir-caching-caffeine/8.0.0/hapi-fhir-caching-caffeine-8.0.0.jar:/home/chandra/.m2/repository/com/github/ben-manes/caffeine/caffeine/3.1.8/caffeine-3.1.8.jar:/home/chandra/.m2/repository/org/apache/commons/commons-compress/1.27.1/commons-compress-1.27.1.jar:/home/chandra/.m2/repository/jakarta/servlet/jakarta.servlet-api/6.0.0/jakarta.servlet-api-6.0.0.jar:/media/chandra/b664505e-129c-4c0d-a87b-9efb6469eca2/home/chandra/code/ipf/commons/ihe/core/target/ipf-commons-ihe-core-5.1-SNAPSHOT-tests.jar:/media/chandra/b664505e-129c-4c0d-a87b-9efb6469eca2/home/chandra/code/ipf/commons/audit/target/ipf-commons-audit-5.1-SNAPSHOT.jar:/home/chandra/.m2/repository/org/jdom/jdom2/2.0.6.1/jdom2-2.0.6.1.jar:/home/chandra/.m2/repository/io/micrometer/context-propagation/1.1.2/context-propagation-1.1.2.jar:/home/chandra/.m2/repository/org/springframework/spring-test/6.2.3/spring-test-6.2.3.jar:/home/chandra/.m2/repository/org/apache/logging/log4j/log4j-api/2.24.3/log4j-api-2.24.3.jar:/home/chandra/.m2/repository/org/apache/logging/log4j/log4j-core/2.24.3/log4j-core-2.24.3.jar:/home/chandra/.m2/repository/org/apache/logging/log4j/log4j-slf4j2-impl/2.24.3/log4j-slf4j2-impl-2.24.3.jar:/home/chandra/.m2/repository/org/slf4j/jcl-over-slf4j/2.0.16/jcl-over-slf4j-2.0.16.jar:/home/chandra/.m2/repository/org/slf4j/slf4j-api/2.0.16/slf4j-api-2.0.16.jar:/home/chandra/.m2/repository/org/junit/jupiter/junit-jupiter/5.11.4/junit-jupiter-5.11.4.jar:/home/chandra/.m2/repository/org/junit/jupiter/junit-jupiter-api/5.11.4/junit-jupiter-api-5.11.4.jar:/home/chandra/.m2/repository/org/opentest4j/opentest4j/1.3.0/opentest4j-1.3.0.jar:/home/chandra/.m2/repository/org/junit/platform/junit-platform-commons/1.11.4/junit-platform-commons-1.11.4.jar:/home/chandra/.m2/repository/org/apiguardian/apiguardian-api/1.1.2/apiguardian-api-1.1.2.jar:/home/chandra/.m2/repository/org/junit/jupiter/junit-jupiter-params/5.11.4/junit-jupiter-params-5.11.4.jar:/home/chandra/.m2/repository/org/junit/jupiter/junit-jupiter-engine/5.11.4/junit-jupiter-engine-5.11.4.jar:/home/chandra/.m2/repository/org/junit/platform/junit-platform-engine/1.11.4/junit-platform-engine-1.11.4.jar:/home/chandra/.m2/repository/org/projectlombok/lombok/1.18.36/lombok-1.18.36.jar:"/>
    <property name="sun.cpu.endian" value="little"/>
    <property name="user.home" value="/home/chandra"/>
    <property name="user.language" value="en"/>
    <property name="java.specification.vendor" value="Oracle Corporation"/>
    <property name="java.version.date" value="2025-01-21"/>
    <property name="java.home" value="/usr/lib/jvm/java-17-openjdk-amd64"/>
    <property name="file.separator" value="/"/>
    <property name="basedir" value="/media/chandra/b664505e-129c-4c0d-a87b-9efb6469eca2/home/chandra/code/ipf/platform-camel/ihe/fhir/r4/chppqm"/>
    <property name="java.vm.compressedOopsMode" value="32-bit"/>
    <property name="line.separator" value="&#10;"/>
    <property name="java.vm.specification.vendor" value="Oracle Corporation"/>
    <property name="java.specification.name" value="Java Platform API Specification"/>
    <property name="jdk.security.allowNonCaAnchor" value="true"/>
    <property name="surefire.real.class.path" value="/media/chandra/b664505e-129c-4c0d-a87b-9efb6469eca2/home/chandra/code/ipf/platform-camel/ihe/fhir/r4/chppqm/target/surefire/surefirebooter-20250305133042976_616.jar"/>
    <property name="sun.management.compiler" value="HotSpot 64-Bit Tiered Compilers"/>
    <property name="java.runtime.version" value="17.0.14+7-Ubuntu-122.04.1"/>
    <property name="user.name" value="chandra"/>
    <property name="path.separator" value=":"/>
    <property name="os.version" value="6.8.0-52-generic"/>
    <property name="java.runtime.name" value="OpenJDK Runtime Environment"/>
    <property name="file.encoding" value="UTF-8"/>
    <property name="java.vm.name" value="OpenJDK 64-Bit Server VM"/>
    <property name="localRepository" value="/home/chandra/.m2/repository"/>
    <property name="java.vendor.url.bug" value="https://bugs.launchpad.net/ubuntu/+source/openjdk-17"/>
    <property name="jetty.git.hash" value="c3f88bafb4e393f23204dc14dc57b042e84debc7"/>
    <property name="java.io.tmpdir" value="/tmp"/>
    <property name="java.version" value="17.0.14"/>
    <property name="user.dir" value="/media/chandra/b664505e-129c-4c0d-a87b-9efb6469eca2/home/chandra/code/ipf/platform-camel/ihe/fhir/r4/chppqm"/>
    <property name="os.arch" value="amd64"/>
    <property name="java.vm.specification.name" value="Java Virtual Machine Specification"/>
    <property name="native.encoding" value="UTF-8"/>
    <property name="java.library.path" value="/usr/java/packages/lib:/usr/lib/x86_64-linux-gnu/jni:/lib/x86_64-linux-gnu:/usr/lib/x86_64-linux-gnu:/usr/lib/jni:/lib:/usr/lib"/>
    <property name="java.vm.info" value="mixed mode, sharing"/>
    <property name="java.vendor" value="Ubuntu"/>
    <property name="java.vm.version" value="17.0.14+7-Ubuntu-122.04.1"/>
    <property name="java.specification.maintenance.version" value="1"/>
    <property name="sun.io.unicode.encoding" value="UnicodeLittle"/>
    <property name="java.class.version" value="61.0"/>
  </properties>
  <testcase name="testUpdate1" classname="org.openehealth.ipf.platform.camel.ihe.fhir.chppqm.chppq3.ChPpq3Test" time="11.392">
    <error message="HAPI-1361: Failed to parse response from server when performing PUT to URL /Consent?identifier=urn%3Auuid%3Aa4c18ef4-6704-4ccf-9c0d-514fbc5378c7 - java.net.SocketTimeoutException: Read timed out" type="ca.uhn.fhir.rest.client.exceptions.FhirClientConnectionException"><![CDATA[ca.uhn.fhir.rest.client.exceptions.FhirClientConnectionException: HAPI-1361: Failed to parse response from server when performing PUT to URL /Consent?identifier=urn%3Auuid%3Aa4c18ef4-6704-4ccf-9c0d-514fbc5378c7 - java.net.SocketTimeoutException: Read timed out
	at ca.uhn.fhir.rest.client.impl.BaseClient.invokeClient(BaseClient.java:480)
	at ca.uhn.fhir.rest.client.impl.GenericClient$BaseClientExecutable.invoke(GenericClient.java:585)
	at ca.uhn.fhir.rest.client.impl.GenericClient$UpdateInternal.execute(GenericClient.java:2512)
	at ca.uhn.fhir.rest.client.impl.GenericClient$UpdateInternal.execute(GenericClient.java:2439)
	at org.openehealth.ipf.platform.camel.ihe.fhir.core.FhirProducer.process(FhirProducer.java:107)
	at org.openehealth.ipf.platform.camel.ihe.fhir.core.intercept.producer.ProducerAuditInterceptor.process(ProducerAuditInterceptor.java:69)
	at org.openehealth.ipf.platform.camel.ihe.core.Interceptor2ProducerAdapter.process(Interceptor2ProducerAdapter.java:48)
	at org.apache.camel.support.AsyncProcessorConverterHelper$ProcessorToAsyncProcessorBridge.process(AsyncProcessorConverterHelper.java:65)
	at org.apache.camel.impl.engine.SharedCamelInternalProcessor.processNonTransacted(SharedCamelInternalProcessor.java:156)
	at org.apache.camel.impl.engine.SharedCamelInternalProcessor.process(SharedCamelInternalProcessor.java:133)
	at org.apache.camel.impl.engine.SharedCamelInternalProcessor$1.process(SharedCamelInternalProcessor.java:89)
	at org.apache.camel.impl.engine.DefaultAsyncProcessorAwaitManager.process(DefaultAsyncProcessorAwaitManager.java:82)
	at org.apache.camel.impl.engine.SharedCamelInternalProcessor.process(SharedCamelInternalProcessor.java:86)
	at org.apache.camel.support.cache.DefaultProducerCache.send(DefaultProducerCache.java:178)
	at org.apache.camel.impl.engine.DefaultProducerTemplate.send(DefaultProducerTemplate.java:175)
	at org.apache.camel.impl.engine.DefaultProducerTemplate.send(DefaultProducerTemplate.java:147)
	at org.apache.camel.impl.engine.DefaultProducerTemplate.send(DefaultProducerTemplate.java:130)
	at org.openehealth.ipf.platform.camel.ihe.fhir.chppqm.chppq3.ChPpq3Test.send(ChPpq3Test.java:76)
	at org.openehealth.ipf.platform.camel.ihe.fhir.chppqm.chppq3.ChPpq3Test.testUpdate1(ChPpq3Test.java:105)
	at java.base/java.lang.reflect.Method.invoke(Method.java:569)
	at java.base/java.util.ArrayList.forEach(ArrayList.java:1511)
	at java.base/java.util.ArrayList.forEach(ArrayList.java:1511)
Caused by: java.net.SocketTimeoutException: Read timed out
	at java.base/sun.nio.ch.NioSocketImpl.timedRead(NioSocketImpl.java:288)
	at java.base/sun.nio.ch.NioSocketImpl.implRead(NioSocketImpl.java:314)
	at java.base/sun.nio.ch.NioSocketImpl.read(NioSocketImpl.java:355)
	at java.base/sun.nio.ch.NioSocketImpl$1.read(NioSocketImpl.java:808)
	at java.base/java.net.Socket$SocketInputStream.read(Socket.java:966)
	at org.apache.hc.core5.http.impl.io.SessionInputBufferImpl.fillBuffer(SessionInputBufferImpl.java:149)
	at org.apache.hc.core5.http.impl.io.SessionInputBufferImpl.readLine(SessionInputBufferImpl.java:280)
	at org.apache.hc.core5.http.impl.io.AbstractMessageParser.parse(AbstractMessageParser.java:250)
	at org.apache.hc.core5.http.impl.io.AbstractMessageParser.parse(AbstractMessageParser.java:56)
	at org.apache.hc.core5.http.impl.io.DefaultBHttpClientConnection.receiveResponseHeader(DefaultBHttpClientConnection.java:331)
	at org.apache.hc.core5.http.impl.io.HttpRequestExecutor.execute(HttpRequestExecutor.java:196)
	at org.apache.hc.client5.http.impl.classic.InternalExecRuntime.lambda$execute$0(InternalExecRuntime.java:236)
	at org.apache.hc.client5.http.impl.io.PoolingHttpClientConnectionManager$InternalConnectionEndpoint.execute(PoolingHttpClientConnectionManager.java:791)
	at org.apache.hc.client5.http.impl.classic.InternalExecRuntime.execute(InternalExecRuntime.java:233)
	at org.apache.hc.client5.http.impl.classic.MainClientExec.execute(MainClientExec.java:120)
	at org.apache.hc.client5.http.impl.classic.ExecChainElement.execute(ExecChainElement.java:51)
	at org.apache.hc.client5.http.impl.classic.ConnectExec.execute(ConnectExec.java:198)
	at org.apache.hc.client5.http.impl.classic.ExecChainElement.execute(ExecChainElement.java:51)
	at org.apache.hc.client5.http.impl.classic.ProtocolExec.execute(ProtocolExec.java:192)
	at org.apache.hc.client5.http.impl.classic.ExecChainElement.execute(ExecChainElement.java:51)
	at org.apache.hc.client5.http.impl.classic.ContentCompressionExec.execute(ContentCompressionExec.java:150)
	at org.apache.hc.client5.http.impl.classic.ExecChainElement.execute(ExecChainElement.java:51)
	at org.apache.hc.client5.http.impl.classic.HttpRequestRetryExec.execute(HttpRequestRetryExec.java:113)
	at org.apache.hc.client5.http.impl.classic.ExecChainElement.execute(ExecChainElement.java:51)
	at org.apache.hc.client5.http.impl.classic.RedirectExec.execute(RedirectExec.java:110)
	at org.apache.hc.client5.http.impl.classic.ExecChainElement.execute(ExecChainElement.java:51)
	at org.apache.hc.client5.http.impl.classic.InternalHttpClient.doExecute(InternalHttpClient.java:174)
	at org.apache.hc.client5.http.impl.classic.CloseableHttpClient.execute(CloseableHttpClient.java:87)
	at org.apache.hc.client5.http.impl.classic.CloseableHttpClient.execute(CloseableHttpClient.java:55)
	at org.apache.hc.client5.http.classic.HttpClient.executeOpen(HttpClient.java:183)
	at org.openehealth.ipf.commons.ihe.fhir.ApacheHttpRequest5.execute(ApacheHttpRequest5.java:53)
	at ca.uhn.fhir.rest.client.impl.BaseClient.invokeClient(BaseClient.java:354)
	... 21 more
]]></error>
  </testcase>
  <testcase name="testUpdate2" classname="org.openehealth.ipf.platform.camel.ihe.fhir.chppqm.chppq3.ChPpq3Test" time="7.781">
    <failure message="expected: &lt;1&gt; but was: &lt;2&gt;" type="org.opentest4j.AssertionFailedError"><![CDATA[org.opentest4j.AssertionFailedError: expected: <1> but was: <2>
	at org.junit.jupiter.api.AssertionFailureBuilder.build(AssertionFailureBuilder.java:151)
	at org.junit.jupiter.api.AssertionFailureBuilder.buildAndThrow(AssertionFailureBuilder.java:132)
	at org.junit.jupiter.api.AssertEquals.failNotEqual(AssertEquals.java:197)
	at org.junit.jupiter.api.AssertEquals.assertEquals(AssertEquals.java:150)
	at org.junit.jupiter.api.AssertEquals.assertEquals(AssertEquals.java:145)
	at org.junit.jupiter.api.Assertions.assertEquals(Assertions.java:531)
	at org.openehealth.ipf.platform.camel.ihe.fhir.chppqm.chppq3.ChPpq3Test.testUpdate2(ChPpq3Test.java:133)
	at java.base/java.lang.reflect.Method.invoke(Method.java:569)
	at java.base/java.util.ArrayList.forEach(ArrayList.java:1511)
	at java.base/java.util.ArrayList.forEach(ArrayList.java:1511)
]]></failure>
    <system-out><![CDATA[13:31:32,476 [qtp1389055824-19] WARN  - LenientErrorHandler.unknownElement(200) | Unknown element 'author' found while parsing
13:31:33,323 [qtp1389055824-19] WARN  - LenientErrorHandler.unknownElement(200) | Unknown element 'author' found while parsing
13:31:33,891 [qtp1389055824-19] WARN  - LenientErrorHandler.unknownElement(200) | Unknown element 'author' found while parsing
]]></system-out>
  </testcase>
  <testcase name="testUpdate3" classname="org.openehealth.ipf.platform.camel.ihe.fhir.chppqm.chppq3.ChPpq3Test" time="2.381"/>
  <testcase name="testCreate1" classname="org.openehealth.ipf.platform.camel.ihe.fhir.chppqm.chppq3.ChPpq3Test" time="1.982"/>
  <testcase name="testDelete1" classname="org.openehealth.ipf.platform.camel.ihe.fhir.chppqm.chppq3.ChPpq3Test" time="0.0">
    <skipped message="public void org.openehealth.ipf.platform.camel.ihe.fhir.chppqm.chppq3.ChPpq3Test.testDelete1() is @Disabled"/>
  </testcase>
  <testcase name="testDelete2" classname="org.openehealth.ipf.platform.camel.ihe.fhir.chppqm.chppq3.ChPpq3Test" time="0.044"/>
</testsuite>